<?xml version="1.0" encoding="UTF-8"?>
<testng-results skipped="0" failed="0" ignored="0" total="5" passed="5">
  <reporter-output>
  </reporter-output>
  <suite name="search-module" duration-ms="98892" started-at="2019-09-04T10:33:02Z" finished-at="2019-09-04T10:34:41Z">
    <groups>
    </groups>
    <test name="search-test-java" duration-ms="14798" started-at="2019-09-04T10:33:02Z" finished-at="2019-09-04T10:33:17Z">
      <class name="com.searchModule.tests.SearchTest">
        <test-method status="PASS" signature="setupDriver(org.testng.ITestContext)[pri:0, instance:com.searchModule.tests.SearchTest@6e3c1e69]" name="setupDriver" is-config="true" duration-ms="6689" started-at="2019-09-04T10:33:02Z" finished-at="2019-09-04T10:33:09Z">
          <params>
            <param index="0">
              <value>
                <![CDATA[org.testng.TestRunner@59a6e353]]>
              </value>
            </param>
          </params>
          <reporter-output>
          </reporter-output>
        </test-method> <!-- setupDriver -->
        <test-method status="PASS" signature="search(java.lang.String)[pri:0, instance:com.searchModule.tests.SearchTest@6e3c1e69]" name="search" duration-ms="7992" started-at="2019-09-04T10:33:09Z" finished-at="2019-09-04T10:33:17Z">
          <params>
            <param index="0">
              <value>
                <![CDATA[java]]>
              </value>
            </param>
          </params>
          <reporter-output>
          </reporter-output>
        </test-method> <!-- search -->
        <test-method status="PASS" signature="quitDriver()[pri:0, instance:com.searchModule.tests.SearchTest@6e3c1e69]" name="quitDriver" is-config="true" duration-ms="74" started-at="2019-09-04T10:33:17Z" finished-at="2019-09-04T10:33:17Z">
          <reporter-output>
          </reporter-output>
        </test-method> <!-- quitDriver -->
      </class> <!-- com.searchModule.tests.SearchTest -->
    </test> <!-- search-test-java -->
    <test name="search-test-qa" duration-ms="64227" started-at="2019-09-04T10:33:17Z" finished-at="2019-09-04T10:34:21Z">
      <class name="com.searchModule.tests.SearchTest">
        <test-method status="PASS" signature="setupDriver(org.testng.ITestContext)[pri:0, instance:com.searchModule.tests.SearchTest@7dc36524]" name="setupDriver" is-config="true" duration-ms="58259" started-at="2019-09-04T10:33:17Z" finished-at="2019-09-04T10:34:15Z">
          <params>
            <param index="0">
              <value>
                <![CDATA[org.testng.TestRunner@7a0ac6e3]]>
              </value>
            </param>
          </params>
          <reporter-output>
          </reporter-output>
        </test-method> <!-- setupDriver -->
        <test-method status="PASS" signature="search(java.lang.String)[pri:0, instance:com.searchModule.tests.SearchTest@7dc36524]" name="search" duration-ms="5785" started-at="2019-09-04T10:34:15Z" finished-at="2019-09-04T10:34:21Z">
          <params>
            <param index="0">
              <value>
                <![CDATA[qa]]>
              </value>
            </param>
          </params>
          <reporter-output>
          </reporter-output>
        </test-method> <!-- search -->
        <test-method status="PASS" signature="quitDriver()[pri:0, instance:com.searchModule.tests.SearchTest@7dc36524]" name="quitDriver" is-config="true" duration-ms="87" started-at="2019-09-04T10:34:21Z" finished-at="2019-09-04T10:34:21Z">
          <reporter-output>
          </reporter-output>
        </test-method> <!-- quitDriver -->
      </class> <!-- com.searchModule.tests.SearchTest -->
    </test> <!-- search-test-qa -->
    <test name="search-test-webdriver" duration-ms="6921" started-at="2019-09-04T10:34:21Z" finished-at="2019-09-04T10:34:28Z">
      <class name="com.searchModule.tests.SearchTest">
        <test-method status="PASS" signature="setupDriver(org.testng.ITestContext)[pri:0, instance:com.searchModule.tests.SearchTest@1134affc]" name="setupDriver" is-config="true" duration-ms="1661" started-at="2019-09-04T10:34:21Z" finished-at="2019-09-04T10:34:23Z">
          <params>
            <param index="0">
              <value>
                <![CDATA[org.testng.TestRunner@71be98f5]]>
              </value>
            </param>
          </params>
          <reporter-output>
          </reporter-output>
        </test-method> <!-- setupDriver -->
        <test-method status="PASS" signature="search(java.lang.String)[pri:0, instance:com.searchModule.tests.SearchTest@1134affc]" name="search" duration-ms="5181" started-at="2019-09-04T10:34:23Z" finished-at="2019-09-04T10:34:28Z">
          <params>
            <param index="0">
              <value>
                <![CDATA[webdriver]]>
              </value>
            </param>
          </params>
          <reporter-output>
          </reporter-output>
        </test-method> <!-- search -->
        <test-method status="PASS" signature="quitDriver()[pri:0, instance:com.searchModule.tests.SearchTest@1134affc]" name="quitDriver" is-config="true" duration-ms="78" started-at="2019-09-04T10:34:28Z" finished-at="2019-09-04T10:34:28Z">
          <reporter-output>
          </reporter-output>
        </test-method> <!-- quitDriver -->
      </class> <!-- com.searchModule.tests.SearchTest -->
    </test> <!-- search-test-webdriver -->
    <test name="search-test-docker" duration-ms="6418" started-at="2019-09-04T10:34:28Z" finished-at="2019-09-04T10:34:35Z">
      <class name="com.searchModule.tests.SearchTest">
        <test-method status="PASS" signature="setupDriver(org.testng.ITestContext)[pri:0, instance:com.searchModule.tests.SearchTest@6bdf28bb]" name="setupDriver" is-config="true" duration-ms="1675" started-at="2019-09-04T10:34:28Z" finished-at="2019-09-04T10:34:30Z">
          <params>
            <param index="0">
              <value>
                <![CDATA[org.testng.TestRunner@6fadae5d]]>
              </value>
            </param>
          </params>
          <reporter-output>
          </reporter-output>
        </test-method> <!-- setupDriver -->
        <test-method status="PASS" signature="search(java.lang.String)[pri:0, instance:com.searchModule.tests.SearchTest@6bdf28bb]" name="search" duration-ms="4674" started-at="2019-09-04T10:34:30Z" finished-at="2019-09-04T10:34:35Z">
          <params>
            <param index="0">
              <value>
                <![CDATA[docker]]>
              </value>
            </param>
          </params>
          <reporter-output>
          </reporter-output>
        </test-method> <!-- search -->
        <test-method status="PASS" signature="quitDriver()[pri:0, instance:com.searchModule.tests.SearchTest@6bdf28bb]" name="quitDriver" is-config="true" duration-ms="68" started-at="2019-09-04T10:34:35Z" finished-at="2019-09-04T10:34:35Z">
          <reporter-output>
          </reporter-output>
        </test-method> <!-- quitDriver -->
      </class> <!-- com.searchModule.tests.SearchTest -->
    </test> <!-- search-test-docker -->
    <test name="search-test-kubernetes" duration-ms="6232" started-at="2019-09-04T10:34:35Z" finished-at="2019-09-04T10:34:41Z">
      <class name="com.searchModule.tests.SearchTest">
        <test-method status="PASS" signature="setupDriver(org.testng.ITestContext)[pri:0, instance:com.searchModule.tests.SearchTest@4c203ea1]" name="setupDriver" is-config="true" duration-ms="1118" started-at="2019-09-04T10:34:35Z" finished-at="2019-09-04T10:34:36Z">
          <params>
            <param index="0">
              <value>
                <![CDATA[org.testng.TestRunner@17f6480]]>
              </value>
            </param>
          </params>
          <reporter-output>
          </reporter-output>
        </test-method> <!-- setupDriver -->
        <test-method status="PASS" signature="search(java.lang.String)[pri:0, instance:com.searchModule.tests.SearchTest@4c203ea1]" name="search" duration-ms="5032" started-at="2019-09-04T10:34:36Z" finished-at="2019-09-04T10:34:41Z">
          <params>
            <param index="0">
              <value>
                <![CDATA[kubernetes]]>
              </value>
            </param>
          </params>
          <reporter-output>
          </reporter-output>
        </test-method> <!-- search -->
        <test-method status="PASS" signature="quitDriver()[pri:0, instance:com.searchModule.tests.SearchTest@4c203ea1]" name="quitDriver" is-config="true" duration-ms="81" started-at="2019-09-04T10:34:41Z" finished-at="2019-09-04T10:34:41Z">
          <reporter-output>
          </reporter-output>
        </test-method> <!-- quitDriver -->
      </class> <!-- com.searchModule.tests.SearchTest -->
    </test> <!-- search-test-kubernetes -->
  </suite> <!-- search-module -->
</testng-results>
