<?xml version="1.0" encoding="UTF-8"?>
<testng-results skipped="0" failed="0" ignored="0" total="20" passed="20">
  <reporter-output>
  </reporter-output>
  <suite name="book-flight-module" duration-ms="233783" started-at="2019-09-10T13:18:54Z" finished-at="2019-09-10T13:22:48Z">
    <groups>
    </groups>
    <test name="book-flight-4" duration-ms="73151" started-at="2019-09-10T13:18:54Z" finished-at="2019-09-10T13:20:07Z">
      <class name="com.newtours.tests.BookFlightTest">
        <test-method status="PASS" signature="setupDriver(org.testng.ITestContext)[pri:0, instance:com.newtours.tests.BookFlightTest@7c30a502]" name="setupDriver" is-config="true" duration-ms="45433" started-at="2019-09-10T13:18:54Z" finished-at="2019-09-10T13:19:40Z">
          <params>
            <param index="0">
              <value>
                <![CDATA[org.testng.TestRunner@67b64c45]]>
              </value>
            </param>
          </params>
          <reporter-output>
          </reporter-output>
        </test-method> <!-- setupDriver -->
        <test-method status="PASS" signature="setupParameters(java.lang.String, java.lang.String)[pri:0, instance:com.newtours.tests.BookFlightTest@7c30a502]" name="setupParameters" is-config="true" duration-ms="33" started-at="2019-09-10T13:19:40Z" depends-on-methods="com.tests.BaseTest.setupDriver" finished-at="2019-09-10T13:19:40Z">
          <params>
            <param index="0">
              <value>
                <![CDATA[4]]>
              </value>
            </param>
            <param index="1">
              <value>
                <![CDATA[$1169 USD]]>
              </value>
            </param>
          </params>
          <reporter-output>
          </reporter-output>
        </test-method> <!-- setupParameters -->
        <test-method status="PASS" signature="registrationPageTest()[pri:0, instance:com.newtours.tests.BookFlightTest@7c30a502]" name="registrationPageTest" duration-ms="14620" started-at="2019-09-10T13:19:40Z" finished-at="2019-09-10T13:19:54Z">
          <reporter-output>
          </reporter-output>
        </test-method> <!-- registrationPageTest -->
        <test-method status="PASS" signature="registrationConfirmationTest()[pri:0, instance:com.newtours.tests.BookFlightTest@7c30a502]" name="registrationConfirmationTest" duration-ms="3005" started-at="2019-09-10T13:19:54Z" depends-on-methods="com.newtours.tests.BookFlightTest.registrationPageTest" finished-at="2019-09-10T13:19:57Z">
          <reporter-output>
          </reporter-output>
        </test-method> <!-- registrationConfirmationTest -->
        <test-method status="PASS" signature="flightDetailsPageTest()[pri:0, instance:com.newtours.tests.BookFlightTest@7c30a502]" name="flightDetailsPageTest" duration-ms="3134" started-at="2019-09-10T13:19:57Z" depends-on-methods="com.newtours.tests.BookFlightTest.registrationConfirmationTest" finished-at="2019-09-10T13:20:01Z">
          <reporter-output>
          </reporter-output>
        </test-method> <!-- flightDetailsPageTest -->
        <test-method status="PASS" signature="findFlightPageTest()[pri:0, instance:com.newtours.tests.BookFlightTest@7c30a502]" name="findFlightPageTest" duration-ms="4070" started-at="2019-09-10T13:20:01Z" depends-on-methods="com.newtours.tests.BookFlightTest.flightDetailsPageTest" finished-at="2019-09-10T13:20:05Z">
          <reporter-output>
          </reporter-output>
        </test-method> <!-- findFlightPageTest -->
        <test-method status="PASS" signature="printConfirmationTest()[pri:0, instance:com.newtours.tests.BookFlightTest@7c30a502]" name="printConfirmationTest" duration-ms="2456" started-at="2019-09-10T13:20:05Z" depends-on-methods="com.newtours.tests.BookFlightTest.findFlightPageTest" finished-at="2019-09-10T13:20:07Z">
          <reporter-output>
          </reporter-output>
        </test-method> <!-- printConfirmationTest -->
        <test-method status="PASS" signature="quitDriver()[pri:0, instance:com.newtours.tests.BookFlightTest@7c30a502]" name="quitDriver" is-config="true" duration-ms="141" started-at="2019-09-10T13:20:07Z" finished-at="2019-09-10T13:20:07Z">
          <reporter-output>
          </reporter-output>
        </test-method> <!-- quitDriver -->
      </class> <!-- com.newtours.tests.BookFlightTest -->
    </test> <!-- book-flight-4 -->
    <test name="book-flight-1" duration-ms="134147" started-at="2019-09-10T13:18:54Z" finished-at="2019-09-10T13:21:08Z">
      <class name="com.newtours.tests.BookFlightTest">
        <test-method status="PASS" signature="setupDriver(org.testng.ITestContext)[pri:0, instance:com.newtours.tests.BookFlightTest@35851384]" name="setupDriver" is-config="true" duration-ms="77284" started-at="2019-09-10T13:18:54Z" finished-at="2019-09-10T13:20:11Z">
          <params>
            <param index="0">
              <value>
                <![CDATA[org.testng.TestRunner@4411d970]]>
              </value>
            </param>
          </params>
          <reporter-output>
          </reporter-output>
        </test-method> <!-- setupDriver -->
        <test-method status="PASS" signature="setupParameters(java.lang.String, java.lang.String)[pri:0, instance:com.newtours.tests.BookFlightTest@35851384]" name="setupParameters" is-config="true" duration-ms="8" started-at="2019-09-10T13:20:11Z" depends-on-methods="com.tests.BaseTest.setupDriver" finished-at="2019-09-10T13:20:11Z">
          <params>
            <param index="0">
              <value>
                <![CDATA[1]]>
              </value>
            </param>
            <param index="1">
              <value>
                <![CDATA[$1169 USD]]>
              </value>
            </param>
          </params>
          <reporter-output>
          </reporter-output>
        </test-method> <!-- setupParameters -->
        <test-method status="PASS" signature="registrationPageTest()[pri:0, instance:com.newtours.tests.BookFlightTest@35851384]" name="registrationPageTest" duration-ms="45317" started-at="2019-09-10T13:20:11Z" finished-at="2019-09-10T13:20:57Z">
          <reporter-output>
          </reporter-output>
        </test-method> <!-- registrationPageTest -->
        <test-method status="PASS" signature="registrationConfirmationTest()[pri:0, instance:com.newtours.tests.BookFlightTest@35851384]" name="registrationConfirmationTest" duration-ms="1825" started-at="2019-09-10T13:20:57Z" depends-on-methods="com.newtours.tests.BookFlightTest.registrationPageTest" finished-at="2019-09-10T13:20:59Z">
          <reporter-output>
          </reporter-output>
        </test-method> <!-- registrationConfirmationTest -->
        <test-method status="PASS" signature="flightDetailsPageTest()[pri:0, instance:com.newtours.tests.BookFlightTest@35851384]" name="flightDetailsPageTest" duration-ms="3475" started-at="2019-09-10T13:20:59Z" depends-on-methods="com.newtours.tests.BookFlightTest.registrationConfirmationTest" finished-at="2019-09-10T13:21:02Z">
          <reporter-output>
          </reporter-output>
        </test-method> <!-- flightDetailsPageTest -->
        <test-method status="PASS" signature="findFlightPageTest()[pri:0, instance:com.newtours.tests.BookFlightTest@35851384]" name="findFlightPageTest" duration-ms="3678" started-at="2019-09-10T13:21:02Z" depends-on-methods="com.newtours.tests.BookFlightTest.flightDetailsPageTest" finished-at="2019-09-10T13:21:06Z">
          <reporter-output>
          </reporter-output>
        </test-method> <!-- findFlightPageTest -->
        <test-method status="PASS" signature="printConfirmationTest()[pri:0, instance:com.newtours.tests.BookFlightTest@35851384]" name="printConfirmationTest" duration-ms="2400" started-at="2019-09-10T13:21:06Z" depends-on-methods="com.newtours.tests.BookFlightTest.findFlightPageTest" finished-at="2019-09-10T13:21:08Z">
          <reporter-output>
          </reporter-output>
        </test-method> <!-- printConfirmationTest -->
        <test-method status="PASS" signature="quitDriver()[pri:0, instance:com.newtours.tests.BookFlightTest@35851384]" name="quitDriver" is-config="true" duration-ms="104" started-at="2019-09-10T13:21:08Z" finished-at="2019-09-10T13:21:08Z">
          <reporter-output>
          </reporter-output>
        </test-method> <!-- quitDriver -->
      </class> <!-- com.newtours.tests.BookFlightTest -->
    </test> <!-- book-flight-1 -->
    <test name="book-flight-3" duration-ms="183847" started-at="2019-09-10T13:18:54Z" finished-at="2019-09-10T13:21:58Z">
      <class name="com.newtours.tests.BookFlightTest">
        <test-method status="PASS" signature="setupDriver(org.testng.ITestContext)[pri:0, instance:com.newtours.tests.BookFlightTest@2752f6e2]" name="setupDriver" is-config="true" duration-ms="160136" started-at="2019-09-10T13:18:54Z" finished-at="2019-09-10T13:21:34Z">
          <params>
            <param index="0">
              <value>
                <![CDATA[org.testng.TestRunner@6442b0a6]]>
              </value>
            </param>
          </params>
          <reporter-output>
          </reporter-output>
        </test-method> <!-- setupDriver -->
        <test-method status="PASS" signature="setupParameters(java.lang.String, java.lang.String)[pri:0, instance:com.newtours.tests.BookFlightTest@2752f6e2]" name="setupParameters" is-config="true" duration-ms="9" started-at="2019-09-10T13:21:34Z" depends-on-methods="com.tests.BaseTest.setupDriver" finished-at="2019-09-10T13:21:34Z">
          <params>
            <param index="0">
              <value>
                <![CDATA[3]]>
              </value>
            </param>
            <param index="1">
              <value>
                <![CDATA[$1169 USD]]>
              </value>
            </param>
          </params>
          <reporter-output>
          </reporter-output>
        </test-method> <!-- setupParameters -->
        <test-method status="PASS" signature="registrationPageTest()[pri:0, instance:com.newtours.tests.BookFlightTest@2752f6e2]" name="registrationPageTest" duration-ms="12748" started-at="2019-09-10T13:21:34Z" finished-at="2019-09-10T13:21:47Z">
          <reporter-output>
          </reporter-output>
        </test-method> <!-- registrationPageTest -->
        <test-method status="PASS" signature="registrationConfirmationTest()[pri:0, instance:com.newtours.tests.BookFlightTest@2752f6e2]" name="registrationConfirmationTest" duration-ms="1739" started-at="2019-09-10T13:21:47Z" depends-on-methods="com.newtours.tests.BookFlightTest.registrationPageTest" finished-at="2019-09-10T13:21:49Z">
          <reporter-output>
          </reporter-output>
        </test-method> <!-- registrationConfirmationTest -->
        <test-method status="PASS" signature="flightDetailsPageTest()[pri:0, instance:com.newtours.tests.BookFlightTest@2752f6e2]" name="flightDetailsPageTest" duration-ms="1817" started-at="2019-09-10T13:21:49Z" depends-on-methods="com.newtours.tests.BookFlightTest.registrationConfirmationTest" finished-at="2019-09-10T13:21:51Z">
          <reporter-output>
          </reporter-output>
        </test-method> <!-- flightDetailsPageTest -->
        <test-method status="PASS" signature="findFlightPageTest()[pri:0, instance:com.newtours.tests.BookFlightTest@2752f6e2]" name="findFlightPageTest" duration-ms="3603" started-at="2019-09-10T13:21:51Z" depends-on-methods="com.newtours.tests.BookFlightTest.flightDetailsPageTest" finished-at="2019-09-10T13:21:54Z">
          <reporter-output>
          </reporter-output>
        </test-method> <!-- findFlightPageTest -->
        <test-method status="PASS" signature="printConfirmationTest()[pri:0, instance:com.newtours.tests.BookFlightTest@2752f6e2]" name="printConfirmationTest" duration-ms="3642" started-at="2019-09-10T13:21:54Z" depends-on-methods="com.newtours.tests.BookFlightTest.findFlightPageTest" finished-at="2019-09-10T13:21:58Z">
          <reporter-output>
          </reporter-output>
        </test-method> <!-- printConfirmationTest -->
        <test-method status="PASS" signature="quitDriver()[pri:0, instance:com.newtours.tests.BookFlightTest@2752f6e2]" name="quitDriver" is-config="true" duration-ms="108" started-at="2019-09-10T13:21:58Z" finished-at="2019-09-10T13:21:58Z">
          <reporter-output>
          </reporter-output>
        </test-method> <!-- quitDriver -->
      </class> <!-- com.newtours.tests.BookFlightTest -->
    </test> <!-- book-flight-3 -->
    <test name="book-flight-2" duration-ms="233764" started-at="2019-09-10T13:18:54Z" finished-at="2019-09-10T13:22:48Z">
      <class name="com.newtours.tests.BookFlightTest">
        <test-method status="PASS" signature="setupDriver(org.testng.ITestContext)[pri:0, instance:com.newtours.tests.BookFlightTest@56cbfb61]" name="setupDriver" is-config="true" duration-ms="215501" started-at="2019-09-10T13:18:54Z" finished-at="2019-09-10T13:22:30Z">
          <params>
            <param index="0">
              <value>
                <![CDATA[org.testng.TestRunner@60f82f98]]>
              </value>
            </param>
          </params>
          <reporter-output>
          </reporter-output>
        </test-method> <!-- setupDriver -->
        <test-method status="PASS" signature="setupParameters(java.lang.String, java.lang.String)[pri:0, instance:com.newtours.tests.BookFlightTest@56cbfb61]" name="setupParameters" is-config="true" duration-ms="5" started-at="2019-09-10T13:22:30Z" depends-on-methods="com.tests.BaseTest.setupDriver" finished-at="2019-09-10T13:22:30Z">
          <params>
            <param index="0">
              <value>
                <![CDATA[2]]>
              </value>
            </param>
            <param index="1">
              <value>
                <![CDATA[$1169 USD]]>
              </value>
            </param>
          </params>
          <reporter-output>
          </reporter-output>
        </test-method> <!-- setupParameters -->
        <test-method status="PASS" signature="registrationPageTest()[pri:0, instance:com.newtours.tests.BookFlightTest@56cbfb61]" name="registrationPageTest" duration-ms="8704" started-at="2019-09-10T13:22:30Z" finished-at="2019-09-10T13:22:38Z">
          <reporter-output>
          </reporter-output>
        </test-method> <!-- registrationPageTest -->
        <test-method status="PASS" signature="registrationConfirmationTest()[pri:0, instance:com.newtours.tests.BookFlightTest@56cbfb61]" name="registrationConfirmationTest" duration-ms="1876" started-at="2019-09-10T13:22:38Z" depends-on-methods="com.newtours.tests.BookFlightTest.registrationPageTest" finished-at="2019-09-10T13:22:40Z">
          <reporter-output>
          </reporter-output>
        </test-method> <!-- registrationConfirmationTest -->
        <test-method status="PASS" signature="flightDetailsPageTest()[pri:0, instance:com.newtours.tests.BookFlightTest@56cbfb61]" name="flightDetailsPageTest" duration-ms="1949" started-at="2019-09-10T13:22:40Z" depends-on-methods="com.newtours.tests.BookFlightTest.registrationConfirmationTest" finished-at="2019-09-10T13:22:42Z">
          <reporter-output>
          </reporter-output>
        </test-method> <!-- flightDetailsPageTest -->
        <test-method status="PASS" signature="findFlightPageTest()[pri:0, instance:com.newtours.tests.BookFlightTest@56cbfb61]" name="findFlightPageTest" duration-ms="3450" started-at="2019-09-10T13:22:42Z" depends-on-methods="com.newtours.tests.BookFlightTest.flightDetailsPageTest" finished-at="2019-09-10T13:22:46Z">
          <reporter-output>
          </reporter-output>
        </test-method> <!-- findFlightPageTest -->
        <test-method status="PASS" signature="printConfirmationTest()[pri:0, instance:com.newtours.tests.BookFlightTest@56cbfb61]" name="printConfirmationTest" duration-ms="2117" started-at="2019-09-10T13:22:46Z" depends-on-methods="com.newtours.tests.BookFlightTest.findFlightPageTest" finished-at="2019-09-10T13:22:48Z">
          <reporter-output>
          </reporter-output>
        </test-method> <!-- printConfirmationTest -->
        <test-method status="PASS" signature="quitDriver()[pri:0, instance:com.newtours.tests.BookFlightTest@56cbfb61]" name="quitDriver" is-config="true" duration-ms="91" started-at="2019-09-10T13:22:48Z" finished-at="2019-09-10T13:22:48Z">
          <reporter-output>
          </reporter-output>
        </test-method> <!-- quitDriver -->
      </class> <!-- com.newtours.tests.BookFlightTest -->
    </test> <!-- book-flight-2 -->
  </suite> <!-- book-flight-module -->
</testng-results>
