<?xml version="1.0" encoding="UTF-8"?>
<testng-results skipped="0" failed="0" ignored="0" total="5" passed="5">
  <reporter-output>
  </reporter-output>
  <suite name="search-module" duration-ms="370745" started-at="2019-09-10T13:18:54Z" finished-at="2019-09-10T13:25:04Z">
    <groups>
    </groups>
    <test name="search-test-webdriver" duration-ms="102063" started-at="2019-09-10T13:18:54Z" finished-at="2019-09-10T13:20:36Z">
      <class name="com.searchModule.tests.SearchTest">
        <test-method status="PASS" signature="setupDriver(org.testng.ITestContext)[pri:0, instance:com.searchModule.tests.SearchTest@1134affc]" name="setupDriver" is-config="true" duration-ms="87918" started-at="2019-09-10T13:18:54Z" finished-at="2019-09-10T13:20:22Z">
          <params>
            <param index="0">
              <value>
                <![CDATA[org.testng.TestRunner@17f6480]]>
              </value>
            </param>
          </params>
          <reporter-output>
          </reporter-output>
        </test-method> <!-- setupDriver -->
        <test-method status="PASS" signature="search(java.lang.String)[pri:0, instance:com.searchModule.tests.SearchTest@1134affc]" name="search" duration-ms="10527" started-at="2019-09-10T13:20:22Z" finished-at="2019-09-10T13:20:32Z">
          <params>
            <param index="0">
              <value>
                <![CDATA[webdriver]]>
              </value>
            </param>
          </params>
          <reporter-output>
          </reporter-output>
        </test-method> <!-- search -->
        <test-method status="PASS" signature="quitDriver()[pri:0, instance:com.searchModule.tests.SearchTest@1134affc]" name="quitDriver" is-config="true" duration-ms="3476" started-at="2019-09-10T13:20:32Z" finished-at="2019-09-10T13:20:36Z">
          <reporter-output>
          </reporter-output>
        </test-method> <!-- quitDriver -->
      </class> <!-- com.searchModule.tests.SearchTest -->
    </test> <!-- search-test-webdriver -->
    <test name="search-test-docker" duration-ms="127151" started-at="2019-09-10T13:18:54Z" finished-at="2019-09-10T13:21:01Z">
      <class name="com.searchModule.tests.SearchTest">
        <test-method status="PASS" signature="setupDriver(org.testng.ITestContext)[pri:0, instance:com.searchModule.tests.SearchTest@6bdf28bb]" name="setupDriver" is-config="true" duration-ms="111011" started-at="2019-09-10T13:18:54Z" finished-at="2019-09-10T13:20:45Z">
          <params>
            <param index="0">
              <value>
                <![CDATA[org.testng.TestRunner@2d6e8792]]>
              </value>
            </param>
          </params>
          <reporter-output>
          </reporter-output>
        </test-method> <!-- setupDriver -->
        <test-method status="PASS" signature="search(java.lang.String)[pri:0, instance:com.searchModule.tests.SearchTest@6bdf28bb]" name="search" duration-ms="11957" started-at="2019-09-10T13:20:45Z" finished-at="2019-09-10T13:20:57Z">
          <params>
            <param index="0">
              <value>
                <![CDATA[docker]]>
              </value>
            </param>
          </params>
          <reporter-output>
          </reporter-output>
        </test-method> <!-- search -->
        <test-method status="PASS" signature="quitDriver()[pri:0, instance:com.searchModule.tests.SearchTest@6bdf28bb]" name="quitDriver" is-config="true" duration-ms="4179" started-at="2019-09-10T13:20:57Z" finished-at="2019-09-10T13:21:01Z">
          <reporter-output>
          </reporter-output>
        </test-method> <!-- quitDriver -->
      </class> <!-- com.searchModule.tests.SearchTest -->
    </test> <!-- search-test-docker -->
    <test name="search-test-java" duration-ms="159092" started-at="2019-09-10T13:18:54Z" finished-at="2019-09-10T13:21:33Z">
      <class name="com.searchModule.tests.SearchTest">
        <test-method status="PASS" signature="setupDriver(org.testng.ITestContext)[pri:0, instance:com.searchModule.tests.SearchTest@6e3c1e69]" name="setupDriver" is-config="true" duration-ms="138828" started-at="2019-09-10T13:18:54Z" finished-at="2019-09-10T13:21:12Z">
          <params>
            <param index="0">
              <value>
                <![CDATA[org.testng.TestRunner@2812cbfa]]>
              </value>
            </param>
          </params>
          <reporter-output>
          </reporter-output>
        </test-method> <!-- setupDriver -->
        <test-method status="PASS" signature="search(java.lang.String)[pri:0, instance:com.searchModule.tests.SearchTest@6e3c1e69]" name="search" duration-ms="14569" started-at="2019-09-10T13:21:12Z" finished-at="2019-09-10T13:21:27Z">
          <params>
            <param index="0">
              <value>
                <![CDATA[java]]>
              </value>
            </param>
          </params>
          <reporter-output>
          </reporter-output>
        </test-method> <!-- search -->
        <test-method status="PASS" signature="quitDriver()[pri:0, instance:com.searchModule.tests.SearchTest@6e3c1e69]" name="quitDriver" is-config="true" duration-ms="5690" started-at="2019-09-10T13:21:27Z" finished-at="2019-09-10T13:21:33Z">
          <reporter-output>
          </reporter-output>
        </test-method> <!-- quitDriver -->
      </class> <!-- com.searchModule.tests.SearchTest -->
    </test> <!-- search-test-java -->
    <test name="search-test-qa" duration-ms="260422" started-at="2019-09-10T13:18:54Z" finished-at="2019-09-10T13:23:14Z">
      <class name="com.searchModule.tests.SearchTest">
        <test-method status="PASS" signature="setupDriver(org.testng.ITestContext)[pri:0, instance:com.searchModule.tests.SearchTest@7dc36524]" name="setupDriver" is-config="true" duration-ms="242850" started-at="2019-09-10T13:18:54Z" finished-at="2019-09-10T13:22:56Z">
          <params>
            <param index="0">
              <value>
                <![CDATA[org.testng.TestRunner@2acf57e3]]>
              </value>
            </param>
          </params>
          <reporter-output>
          </reporter-output>
        </test-method> <!-- setupDriver -->
        <test-method status="PASS" signature="search(java.lang.String)[pri:0, instance:com.searchModule.tests.SearchTest@7dc36524]" name="search" duration-ms="12931" started-at="2019-09-10T13:22:56Z" finished-at="2019-09-10T13:23:09Z">
          <params>
            <param index="0">
              <value>
                <![CDATA[qa]]>
              </value>
            </param>
          </params>
          <reporter-output>
          </reporter-output>
        </test-method> <!-- search -->
        <test-method status="PASS" signature="quitDriver()[pri:0, instance:com.searchModule.tests.SearchTest@7dc36524]" name="quitDriver" is-config="true" duration-ms="4633" started-at="2019-09-10T13:23:09Z" finished-at="2019-09-10T13:23:14Z">
          <reporter-output>
          </reporter-output>
        </test-method> <!-- quitDriver -->
      </class> <!-- com.searchModule.tests.SearchTest -->
    </test> <!-- search-test-qa -->
    <test name="search-test-kubernetes" duration-ms="370735" started-at="2019-09-10T13:18:54Z" finished-at="2019-09-10T13:25:04Z">
      <class name="com.searchModule.tests.SearchTest">
        <test-method status="PASS" signature="setupDriver(org.testng.ITestContext)[pri:0, instance:com.searchModule.tests.SearchTest@4c203ea1]" name="setupDriver" is-config="true" duration-ms="351058" started-at="2019-09-10T13:18:54Z" finished-at="2019-09-10T13:24:45Z">
          <params>
            <param index="0">
              <value>
                <![CDATA[org.testng.TestRunner@506e6d5e]]>
              </value>
            </param>
          </params>
          <reporter-output>
          </reporter-output>
        </test-method> <!-- setupDriver -->
        <test-method status="PASS" signature="search(java.lang.String)[pri:0, instance:com.searchModule.tests.SearchTest@4c203ea1]" name="search" duration-ms="8472" started-at="2019-09-10T13:24:45Z" finished-at="2019-09-10T13:24:53Z">
          <params>
            <param index="0">
              <value>
                <![CDATA[kubernetes]]>
              </value>
            </param>
          </params>
          <reporter-output>
          </reporter-output>
        </test-method> <!-- search -->
        <test-method status="PASS" signature="quitDriver()[pri:0, instance:com.searchModule.tests.SearchTest@4c203ea1]" name="quitDriver" is-config="true" duration-ms="11203" started-at="2019-09-10T13:24:53Z" finished-at="2019-09-10T13:25:04Z">
          <reporter-output>
          </reporter-output>
        </test-method> <!-- quitDriver -->
      </class> <!-- com.searchModule.tests.SearchTest -->
    </test> <!-- search-test-kubernetes -->
  </suite> <!-- search-module -->
</testng-results>
