<?xml version="1.0" encoding="UTF-8"?>
<testng-results skipped="0" failed="1" ignored="0" total="5" passed="4">
  <reporter-output>
  </reporter-output>
  <suite name="search-module" duration-ms="188422" started-at="2019-09-04T10:33:02Z" finished-at="2019-09-04T10:36:11Z">
    <groups>
    </groups>
    <test name="search-test-java" duration-ms="153104" started-at="2019-09-04T10:33:02Z" finished-at="2019-09-04T10:35:35Z">
      <class name="com.searchModule.tests.SearchTest">
        <test-method status="PASS" signature="setupDriver(org.testng.ITestContext)[pri:0, instance:com.searchModule.tests.SearchTest@6e3c1e69]" name="setupDriver" is-config="true" duration-ms="90101" started-at="2019-09-04T10:33:02Z" finished-at="2019-09-04T10:34:32Z">
          <params>
            <param index="0">
              <value>
                <![CDATA[org.testng.TestRunner@59a6e353]]>
              </value>
            </param>
          </params>
          <reporter-output>
          </reporter-output>
        </test-method> <!-- setupDriver -->
        <test-method status="FAIL" signature="search(java.lang.String)[pri:0, instance:com.searchModule.tests.SearchTest@6e3c1e69]" name="search" duration-ms="62202" started-at="2019-09-04T10:34:32Z" finished-at="2019-09-04T10:35:35Z">
          <params>
            <param index="0">
              <value>
                <![CDATA[java]]>
              </value>
            </param>
          </params>
          <exception class="org.openqa.selenium.TimeoutException">
            <message>
              <![CDATA[Expected condition failed: waiting for visibility of [[RemoteWebDriver: firefox on LINUX (df9dc2ee-d9f4-4134-8418-69e008ef1715)] -> id: search_form_input_homepage] (tried for 60 second(s) with 500 milliseconds interval)
Build info: version: '3.141.59', revision: 'e82be7d358', time: '2018-11-14T08:17:03'
System info: host: 'bdb051ce0221', ip: '172.22.0.8', os.name: 'Linux', os.arch: 'amd64', os.version: '4.9.184-linuxkit', java.version: '1.8.0_191'
Driver info: org.openqa.selenium.remote.RemoteWebDriver
Capabilities {acceptInsecureCerts: true, browserName: firefox, browserVersion: 68.0.1, javascriptEnabled: true, moz:accessibilityChecks: false, moz:buildID: 20190717172542, moz:geckodriverVersion: 0.24.0, moz:headless: false, moz:processID: 430, moz:profile: /tmp/rust_mozprofile.GSdfWy..., moz:shutdownTimeout: 60000, moz:useNonSpecCompliantPointerOrigin: false, moz:webdriverClick: true, pageLoadStrategy: normal, platform: LINUX, platformName: LINUX, platformVersion: 4.9.184-linuxkit, rotatable: false, setWindowRect: true, strictFileInteractability: false, timeouts: {implicit: 0, pageLoad: 300000, script: 30000}, unhandledPromptBehavior: dismiss and notify, webdriver.remote.sessionid: df9dc2ee-d9f4-4134-8418-69e...}
Session ID: df9dc2ee-d9f4-4134-8418-69e008ef1715]]>
            </message>
            <full-stacktrace>
              <![CDATA[org.openqa.selenium.TimeoutException: Expected condition failed: waiting for visibility of [[RemoteWebDriver: firefox on LINUX (df9dc2ee-d9f4-4134-8418-69e008ef1715)] -> id: search_form_input_homepage] (tried for 60 second(s) with 500 milliseconds interval)
Build info: version: '3.141.59', revision: 'e82be7d358', time: '2018-11-14T08:17:03'
System info: host: 'bdb051ce0221', ip: '172.22.0.8', os.name: 'Linux', os.arch: 'amd64', os.version: '4.9.184-linuxkit', java.version: '1.8.0_191'
Driver info: org.openqa.selenium.remote.RemoteWebDriver
Capabilities {acceptInsecureCerts: true, browserName: firefox, browserVersion: 68.0.1, javascriptEnabled: true, moz:accessibilityChecks: false, moz:buildID: 20190717172542, moz:geckodriverVersion: 0.24.0, moz:headless: false, moz:processID: 430, moz:profile: /tmp/rust_mozprofile.GSdfWy..., moz:shutdownTimeout: 60000, moz:useNonSpecCompliantPointerOrigin: false, moz:webdriverClick: true, pageLoadStrategy: normal, platform: LINUX, platformName: LINUX, platformVersion: 4.9.184-linuxkit, rotatable: false, setWindowRect: true, strictFileInteractability: false, timeouts: {implicit: 0, pageLoad: 300000, script: 30000}, unhandledPromptBehavior: dismiss and notify, webdriver.remote.sessionid: df9dc2ee-d9f4-4134-8418-69e...}
Session ID: df9dc2ee-d9f4-4134-8418-69e008ef1715
at org.openqa.selenium.support.ui.WebDriverWait.timeoutException(WebDriverWait.java:95)
at org.openqa.selenium.support.ui.FluentWait.until(FluentWait.java:272)
at com.searchModule.Pages.SearchPage.doSearch(SearchPage.java:40)
at com.searchModule.tests.SearchTest.search(SearchTest.java:16)
at sun.reflect.NativeMethodAccessorImpl.invoke0(Native Method)
at sun.reflect.NativeMethodAccessorImpl.invoke(NativeMethodAccessorImpl.java:62)
at sun.reflect.DelegatingMethodAccessorImpl.invoke(DelegatingMethodAccessorImpl.java:43)
at java.lang.reflect.Method.invoke(Method.java:498)
at org.testng.internal.MethodInvocationHelper.invokeMethod(MethodInvocationHelper.java:124)
at org.testng.internal.Invoker.invokeMethod(Invoker.java:583)
at org.testng.internal.Invoker.invokeTestMethod(Invoker.java:719)
at org.testng.internal.Invoker.invokeTestMethods(Invoker.java:989)
at org.testng.internal.TestMethodWorker.invokeTestMethods(TestMethodWorker.java:125)
at org.testng.internal.TestMethodWorker.run(TestMethodWorker.java:109)
at org.testng.TestRunner.privateRun(TestRunner.java:648)
at org.testng.TestRunner.run(TestRunner.java:505)
at org.testng.SuiteRunner.runTest(SuiteRunner.java:455)
at org.testng.SuiteRunner.access$000(SuiteRunner.java:40)
at org.testng.SuiteRunner$SuiteWorker.run(SuiteRunner.java:489)
at org.testng.internal.thread.ThreadUtil$1.call(ThreadUtil.java:52)
at java.util.concurrent.FutureTask.run(FutureTask.java:266)
at java.util.concurrent.ThreadPoolExecutor.runWorker(ThreadPoolExecutor.java:1149)
at java.util.concurrent.ThreadPoolExecutor$Worker.run(ThreadPoolExecutor.java:624)
at java.lang.Thread.run(Thread.java:748)
]]>
            </full-stacktrace>
          </exception> <!-- org.openqa.selenium.TimeoutException -->
          <reporter-output>
          </reporter-output>
        </test-method> <!-- search -->
        <test-method status="PASS" signature="quitDriver()[pri:0, instance:com.searchModule.tests.SearchTest@6e3c1e69]" name="quitDriver" is-config="true" duration-ms="646" started-at="2019-09-04T10:35:35Z" finished-at="2019-09-04T10:35:35Z">
          <reporter-output>
          </reporter-output>
        </test-method> <!-- quitDriver -->
      </class> <!-- com.searchModule.tests.SearchTest -->
    </test> <!-- search-test-java -->
    <test name="search-test-qa" duration-ms="8766" started-at="2019-09-04T10:35:36Z" finished-at="2019-09-04T10:35:44Z">
      <class name="com.searchModule.tests.SearchTest">
        <test-method status="PASS" signature="setupDriver(org.testng.ITestContext)[pri:0, instance:com.searchModule.tests.SearchTest@7dc36524]" name="setupDriver" is-config="true" duration-ms="2755" started-at="2019-09-04T10:35:36Z" finished-at="2019-09-04T10:35:38Z">
          <params>
            <param index="0">
              <value>
                <![CDATA[org.testng.TestRunner@6fadae5d]]>
              </value>
            </param>
          </params>
          <reporter-output>
          </reporter-output>
        </test-method> <!-- setupDriver -->
        <test-method status="PASS" signature="search(java.lang.String)[pri:0, instance:com.searchModule.tests.SearchTest@7dc36524]" name="search" duration-ms="4069" started-at="2019-09-04T10:35:38Z" finished-at="2019-09-04T10:35:42Z">
          <params>
            <param index="0">
              <value>
                <![CDATA[qa]]>
              </value>
            </param>
          </params>
          <reporter-output>
          </reporter-output>
        </test-method> <!-- search -->
        <test-method status="PASS" signature="quitDriver()[pri:0, instance:com.searchModule.tests.SearchTest@7dc36524]" name="quitDriver" is-config="true" duration-ms="1942" started-at="2019-09-04T10:35:42Z" finished-at="2019-09-04T10:35:44Z">
          <reporter-output>
          </reporter-output>
        </test-method> <!-- quitDriver -->
      </class> <!-- com.searchModule.tests.SearchTest -->
    </test> <!-- search-test-qa -->
    <test name="search-test-webdriver" duration-ms="8546" started-at="2019-09-04T10:35:44Z" finished-at="2019-09-04T10:35:53Z">
      <class name="com.searchModule.tests.SearchTest">
        <test-method status="PASS" signature="setupDriver(org.testng.ITestContext)[pri:0, instance:com.searchModule.tests.SearchTest@1134affc]" name="setupDriver" is-config="true" duration-ms="2226" started-at="2019-09-04T10:35:44Z" finished-at="2019-09-04T10:35:47Z">
          <params>
            <param index="0">
              <value>
                <![CDATA[org.testng.TestRunner@17f6480]]>
              </value>
            </param>
          </params>
          <reporter-output>
          </reporter-output>
        </test-method> <!-- setupDriver -->
        <test-method status="PASS" signature="search(java.lang.String)[pri:0, instance:com.searchModule.tests.SearchTest@1134affc]" name="search" duration-ms="3452" started-at="2019-09-04T10:35:47Z" finished-at="2019-09-04T10:35:50Z">
          <params>
            <param index="0">
              <value>
                <![CDATA[webdriver]]>
              </value>
            </param>
          </params>
          <reporter-output>
          </reporter-output>
        </test-method> <!-- search -->
        <test-method status="PASS" signature="quitDriver()[pri:0, instance:com.searchModule.tests.SearchTest@1134affc]" name="quitDriver" is-config="true" duration-ms="2868" started-at="2019-09-04T10:35:50Z" finished-at="2019-09-04T10:35:53Z">
          <reporter-output>
          </reporter-output>
        </test-method> <!-- quitDriver -->
      </class> <!-- com.searchModule.tests.SearchTest -->
    </test> <!-- search-test-webdriver -->
    <test name="search-test-docker" duration-ms="7617" started-at="2019-09-04T10:35:53Z" finished-at="2019-09-04T10:36:01Z">
      <class name="com.searchModule.tests.SearchTest">
        <test-method status="PASS" signature="setupDriver(org.testng.ITestContext)[pri:0, instance:com.searchModule.tests.SearchTest@6bdf28bb]" name="setupDriver" is-config="true" duration-ms="2192" started-at="2019-09-04T10:35:53Z" finished-at="2019-09-04T10:35:55Z">
          <params>
            <param index="0">
              <value>
                <![CDATA[org.testng.TestRunner@2d6e8792]]>
              </value>
            </param>
          </params>
          <reporter-output>
          </reporter-output>
        </test-method> <!-- setupDriver -->
        <test-method status="PASS" signature="search(java.lang.String)[pri:0, instance:com.searchModule.tests.SearchTest@6bdf28bb]" name="search" duration-ms="3545" started-at="2019-09-04T10:35:55Z" finished-at="2019-09-04T10:35:59Z">
          <params>
            <param index="0">
              <value>
                <![CDATA[docker]]>
              </value>
            </param>
          </params>
          <reporter-output>
          </reporter-output>
        </test-method> <!-- search -->
        <test-method status="PASS" signature="quitDriver()[pri:0, instance:com.searchModule.tests.SearchTest@6bdf28bb]" name="quitDriver" is-config="true" duration-ms="1880" started-at="2019-09-04T10:35:59Z" finished-at="2019-09-04T10:36:01Z">
          <reporter-output>
          </reporter-output>
        </test-method> <!-- quitDriver -->
      </class> <!-- com.searchModule.tests.SearchTest -->
    </test> <!-- search-test-docker -->
    <test name="search-test-kubernetes" duration-ms="10071" started-at="2019-09-04T10:36:01Z" finished-at="2019-09-04T10:36:11Z">
      <class name="com.searchModule.tests.SearchTest">
        <test-method status="PASS" signature="setupDriver(org.testng.ITestContext)[pri:0, instance:com.searchModule.tests.SearchTest@4c203ea1]" name="setupDriver" is-config="true" duration-ms="2105" started-at="2019-09-04T10:36:01Z" finished-at="2019-09-04T10:36:03Z">
          <params>
            <param index="0">
              <value>
                <![CDATA[org.testng.TestRunner@2812cbfa]]>
              </value>
            </param>
          </params>
          <reporter-output>
          </reporter-output>
        </test-method> <!-- setupDriver -->
        <test-method status="PASS" signature="search(java.lang.String)[pri:0, instance:com.searchModule.tests.SearchTest@4c203ea1]" name="search" duration-ms="5132" started-at="2019-09-04T10:36:03Z" finished-at="2019-09-04T10:36:08Z">
          <params>
            <param index="0">
              <value>
                <![CDATA[kubernetes]]>
              </value>
            </param>
          </params>
          <reporter-output>
          </reporter-output>
        </test-method> <!-- search -->
        <test-method status="PASS" signature="quitDriver()[pri:0, instance:com.searchModule.tests.SearchTest@4c203ea1]" name="quitDriver" is-config="true" duration-ms="2833" started-at="2019-09-04T10:36:08Z" finished-at="2019-09-04T10:36:11Z">
          <reporter-output>
          </reporter-output>
        </test-method> <!-- quitDriver -->
      </class> <!-- com.searchModule.tests.SearchTest -->
    </test> <!-- search-test-kubernetes -->
  </suite> <!-- search-module -->
</testng-results>
