<?xml version="1.0" encoding="UTF-8"?>
<testng-results skipped="0" failed="0" ignored="0" total="20" passed="20">
  <reporter-output>
  </reporter-output>
  <suite name="book-flight-module" duration-ms="342100" started-at="2019-09-10T13:18:54Z" finished-at="2019-09-10T13:24:36Z">
    <groups>
    </groups>
    <test name="book-flight-2" duration-ms="76548" started-at="2019-09-10T13:18:54Z" finished-at="2019-09-10T13:20:11Z">
      <class name="com.newtours.tests.BookFlightTest">
        <test-method status="PASS" signature="setupDriver(org.testng.ITestContext)[pri:0, instance:com.newtours.tests.BookFlightTest@56cbfb61]" name="setupDriver" is-config="true" duration-ms="35400" started-at="2019-09-10T13:18:54Z" finished-at="2019-09-10T13:19:29Z">
          <params>
            <param index="0">
              <value>
                <![CDATA[org.testng.TestRunner@67b64c45]]>
              </value>
            </param>
          </params>
          <reporter-output>
          </reporter-output>
        </test-method> <!-- setupDriver -->
        <test-method status="PASS" signature="setupParameters(java.lang.String, java.lang.String)[pri:0, instance:com.newtours.tests.BookFlightTest@56cbfb61]" name="setupParameters" is-config="true" duration-ms="60" started-at="2019-09-10T13:19:30Z" depends-on-methods="com.tests.BaseTest.setupDriver" finished-at="2019-09-10T13:19:30Z">
          <params>
            <param index="0">
              <value>
                <![CDATA[2]]>
              </value>
            </param>
            <param index="1">
              <value>
                <![CDATA[$1169 USD]]>
              </value>
            </param>
          </params>
          <reporter-output>
          </reporter-output>
        </test-method> <!-- setupParameters -->
        <test-method status="PASS" signature="registrationPageTest()[pri:0, instance:com.newtours.tests.BookFlightTest@56cbfb61]" name="registrationPageTest" duration-ms="11695" started-at="2019-09-10T13:19:30Z" finished-at="2019-09-10T13:19:41Z">
          <reporter-output>
          </reporter-output>
        </test-method> <!-- registrationPageTest -->
        <test-method status="PASS" signature="registrationConfirmationTest()[pri:0, instance:com.newtours.tests.BookFlightTest@56cbfb61]" name="registrationConfirmationTest" duration-ms="16351" started-at="2019-09-10T13:19:41Z" depends-on-methods="com.newtours.tests.BookFlightTest.registrationPageTest" finished-at="2019-09-10T13:19:58Z">
          <reporter-output>
          </reporter-output>
        </test-method> <!-- registrationConfirmationTest -->
        <test-method status="PASS" signature="flightDetailsPageTest()[pri:0, instance:com.newtours.tests.BookFlightTest@56cbfb61]" name="flightDetailsPageTest" duration-ms="2983" started-at="2019-09-10T13:19:58Z" depends-on-methods="com.newtours.tests.BookFlightTest.registrationConfirmationTest" finished-at="2019-09-10T13:20:01Z">
          <reporter-output>
          </reporter-output>
        </test-method> <!-- flightDetailsPageTest -->
        <test-method status="PASS" signature="findFlightPageTest()[pri:0, instance:com.newtours.tests.BookFlightTest@56cbfb61]" name="findFlightPageTest" duration-ms="3733" started-at="2019-09-10T13:20:01Z" depends-on-methods="com.newtours.tests.BookFlightTest.flightDetailsPageTest" finished-at="2019-09-10T13:20:04Z">
          <reporter-output>
          </reporter-output>
        </test-method> <!-- findFlightPageTest -->
        <test-method status="PASS" signature="printConfirmationTest()[pri:0, instance:com.newtours.tests.BookFlightTest@56cbfb61]" name="printConfirmationTest" duration-ms="2535" started-at="2019-09-10T13:20:05Z" depends-on-methods="com.newtours.tests.BookFlightTest.findFlightPageTest" finished-at="2019-09-10T13:20:07Z">
          <reporter-output>
          </reporter-output>
        </test-method> <!-- printConfirmationTest -->
        <test-method status="PASS" signature="quitDriver()[pri:0, instance:com.newtours.tests.BookFlightTest@56cbfb61]" name="quitDriver" is-config="true" duration-ms="3531" started-at="2019-09-10T13:20:07Z" finished-at="2019-09-10T13:20:11Z">
          <reporter-output>
          </reporter-output>
        </test-method> <!-- quitDriver -->
      </class> <!-- com.newtours.tests.BookFlightTest -->
    </test> <!-- book-flight-2 -->
    <test name="book-flight-1" duration-ms="227613" started-at="2019-09-10T13:18:54Z" finished-at="2019-09-10T13:22:42Z">
      <class name="com.newtours.tests.BookFlightTest">
        <test-method status="PASS" signature="setupDriver(org.testng.ITestContext)[pri:0, instance:com.newtours.tests.BookFlightTest@35851384]" name="setupDriver" is-config="true" duration-ms="169916" started-at="2019-09-10T13:18:54Z" finished-at="2019-09-10T13:21:44Z">
          <params>
            <param index="0">
              <value>
                <![CDATA[org.testng.TestRunner@4411d970]]>
              </value>
            </param>
          </params>
          <reporter-output>
          </reporter-output>
        </test-method> <!-- setupDriver -->
        <test-method status="PASS" signature="setupParameters(java.lang.String, java.lang.String)[pri:0, instance:com.newtours.tests.BookFlightTest@35851384]" name="setupParameters" is-config="true" duration-ms="3" started-at="2019-09-10T13:21:44Z" depends-on-methods="com.tests.BaseTest.setupDriver" finished-at="2019-09-10T13:21:44Z">
          <params>
            <param index="0">
              <value>
                <![CDATA[1]]>
              </value>
            </param>
            <param index="1">
              <value>
                <![CDATA[$1169 USD]]>
              </value>
            </param>
          </params>
          <reporter-output>
          </reporter-output>
        </test-method> <!-- setupParameters -->
        <test-method status="PASS" signature="registrationPageTest()[pri:0, instance:com.newtours.tests.BookFlightTest@35851384]" name="registrationPageTest" duration-ms="9223" started-at="2019-09-10T13:21:44Z" finished-at="2019-09-10T13:21:53Z">
          <reporter-output>
          </reporter-output>
        </test-method> <!-- registrationPageTest -->
        <test-method status="PASS" signature="registrationConfirmationTest()[pri:0, instance:com.newtours.tests.BookFlightTest@35851384]" name="registrationConfirmationTest" duration-ms="36494" started-at="2019-09-10T13:21:53Z" depends-on-methods="com.newtours.tests.BookFlightTest.registrationPageTest" finished-at="2019-09-10T13:22:30Z">
          <reporter-output>
          </reporter-output>
        </test-method> <!-- registrationConfirmationTest -->
        <test-method status="PASS" signature="flightDetailsPageTest()[pri:0, instance:com.newtours.tests.BookFlightTest@35851384]" name="flightDetailsPageTest" duration-ms="3000" started-at="2019-09-10T13:22:30Z" depends-on-methods="com.newtours.tests.BookFlightTest.registrationConfirmationTest" finished-at="2019-09-10T13:22:33Z">
          <reporter-output>
          </reporter-output>
        </test-method> <!-- flightDetailsPageTest -->
        <test-method status="PASS" signature="findFlightPageTest()[pri:0, instance:com.newtours.tests.BookFlightTest@35851384]" name="findFlightPageTest" duration-ms="4098" started-at="2019-09-10T13:22:33Z" depends-on-methods="com.newtours.tests.BookFlightTest.flightDetailsPageTest" finished-at="2019-09-10T13:22:37Z">
          <reporter-output>
          </reporter-output>
        </test-method> <!-- findFlightPageTest -->
        <test-method status="PASS" signature="printConfirmationTest()[pri:0, instance:com.newtours.tests.BookFlightTest@35851384]" name="printConfirmationTest" duration-ms="1933" started-at="2019-09-10T13:22:37Z" depends-on-methods="com.newtours.tests.BookFlightTest.findFlightPageTest" finished-at="2019-09-10T13:22:39Z">
          <reporter-output>
          </reporter-output>
        </test-method> <!-- printConfirmationTest -->
        <test-method status="PASS" signature="quitDriver()[pri:0, instance:com.newtours.tests.BookFlightTest@35851384]" name="quitDriver" is-config="true" duration-ms="2874" started-at="2019-09-10T13:22:39Z" finished-at="2019-09-10T13:22:42Z">
          <reporter-output>
          </reporter-output>
        </test-method> <!-- quitDriver -->
      </class> <!-- com.newtours.tests.BookFlightTest -->
    </test> <!-- book-flight-1 -->
    <test name="book-flight-4" duration-ms="288587" started-at="2019-09-10T13:18:54Z" finished-at="2019-09-10T13:23:43Z">
      <class name="com.newtours.tests.BookFlightTest">
        <test-method status="PASS" signature="setupDriver(org.testng.ITestContext)[pri:0, instance:com.newtours.tests.BookFlightTest@7c30a502]" name="setupDriver" is-config="true" duration-ms="268103" started-at="2019-09-10T13:18:54Z" finished-at="2019-09-10T13:23:22Z">
          <params>
            <param index="0">
              <value>
                <![CDATA[org.testng.TestRunner@6442b0a6]]>
              </value>
            </param>
          </params>
          <reporter-output>
          </reporter-output>
        </test-method> <!-- setupDriver -->
        <test-method status="PASS" signature="setupParameters(java.lang.String, java.lang.String)[pri:0, instance:com.newtours.tests.BookFlightTest@7c30a502]" name="setupParameters" is-config="true" duration-ms="1" started-at="2019-09-10T13:23:22Z" depends-on-methods="com.tests.BaseTest.setupDriver" finished-at="2019-09-10T13:23:22Z">
          <params>
            <param index="0">
              <value>
                <![CDATA[4]]>
              </value>
            </param>
            <param index="1">
              <value>
                <![CDATA[$1169 USD]]>
              </value>
            </param>
          </params>
          <reporter-output>
          </reporter-output>
        </test-method> <!-- setupParameters -->
        <test-method status="PASS" signature="registrationPageTest()[pri:0, instance:com.newtours.tests.BookFlightTest@7c30a502]" name="registrationPageTest" duration-ms="8198" started-at="2019-09-10T13:23:22Z" finished-at="2019-09-10T13:23:30Z">
          <reporter-output>
          </reporter-output>
        </test-method> <!-- registrationPageTest -->
        <test-method status="PASS" signature="registrationConfirmationTest()[pri:0, instance:com.newtours.tests.BookFlightTest@7c30a502]" name="registrationConfirmationTest" duration-ms="2522" started-at="2019-09-10T13:23:30Z" depends-on-methods="com.newtours.tests.BookFlightTest.registrationPageTest" finished-at="2019-09-10T13:23:33Z">
          <reporter-output>
          </reporter-output>
        </test-method> <!-- registrationConfirmationTest -->
        <test-method status="PASS" signature="flightDetailsPageTest()[pri:0, instance:com.newtours.tests.BookFlightTest@7c30a502]" name="flightDetailsPageTest" duration-ms="2069" started-at="2019-09-10T13:23:33Z" depends-on-methods="com.newtours.tests.BookFlightTest.registrationConfirmationTest" finished-at="2019-09-10T13:23:35Z">
          <reporter-output>
          </reporter-output>
        </test-method> <!-- flightDetailsPageTest -->
        <test-method status="PASS" signature="findFlightPageTest()[pri:0, instance:com.newtours.tests.BookFlightTest@7c30a502]" name="findFlightPageTest" duration-ms="2935" started-at="2019-09-10T13:23:35Z" depends-on-methods="com.newtours.tests.BookFlightTest.flightDetailsPageTest" finished-at="2019-09-10T13:23:38Z">
          <reporter-output>
          </reporter-output>
        </test-method> <!-- findFlightPageTest -->
        <test-method status="PASS" signature="printConfirmationTest()[pri:0, instance:com.newtours.tests.BookFlightTest@7c30a502]" name="printConfirmationTest" duration-ms="1573" started-at="2019-09-10T13:23:38Z" depends-on-methods="com.newtours.tests.BookFlightTest.findFlightPageTest" finished-at="2019-09-10T13:23:39Z">
          <reporter-output>
          </reporter-output>
        </test-method> <!-- printConfirmationTest -->
        <test-method status="PASS" signature="quitDriver()[pri:0, instance:com.newtours.tests.BookFlightTest@7c30a502]" name="quitDriver" is-config="true" duration-ms="3164" started-at="2019-09-10T13:23:39Z" finished-at="2019-09-10T13:23:43Z">
          <reporter-output>
          </reporter-output>
        </test-method> <!-- quitDriver -->
      </class> <!-- com.newtours.tests.BookFlightTest -->
    </test> <!-- book-flight-4 -->
    <test name="book-flight-3" duration-ms="342080" started-at="2019-09-10T13:18:54Z" finished-at="2019-09-10T13:24:36Z">
      <class name="com.newtours.tests.BookFlightTest">
        <test-method status="PASS" signature="setupDriver(org.testng.ITestContext)[pri:0, instance:com.newtours.tests.BookFlightTest@2752f6e2]" name="setupDriver" is-config="true" duration-ms="295550" started-at="2019-09-10T13:18:54Z" finished-at="2019-09-10T13:23:50Z">
          <params>
            <param index="0">
              <value>
                <![CDATA[org.testng.TestRunner@60f82f98]]>
              </value>
            </param>
          </params>
          <reporter-output>
          </reporter-output>
        </test-method> <!-- setupDriver -->
        <test-method status="PASS" signature="setupParameters(java.lang.String, java.lang.String)[pri:0, instance:com.newtours.tests.BookFlightTest@2752f6e2]" name="setupParameters" is-config="true" duration-ms="1" started-at="2019-09-10T13:23:50Z" depends-on-methods="com.tests.BaseTest.setupDriver" finished-at="2019-09-10T13:23:50Z">
          <params>
            <param index="0">
              <value>
                <![CDATA[3]]>
              </value>
            </param>
            <param index="1">
              <value>
                <![CDATA[$1169 USD]]>
              </value>
            </param>
          </params>
          <reporter-output>
          </reporter-output>
        </test-method> <!-- setupParameters -->
        <test-method status="PASS" signature="registrationPageTest()[pri:0, instance:com.newtours.tests.BookFlightTest@2752f6e2]" name="registrationPageTest" duration-ms="7906" started-at="2019-09-10T13:23:50Z" finished-at="2019-09-10T13:23:58Z">
          <reporter-output>
          </reporter-output>
        </test-method> <!-- registrationPageTest -->
        <test-method status="PASS" signature="registrationConfirmationTest()[pri:0, instance:com.newtours.tests.BookFlightTest@2752f6e2]" name="registrationConfirmationTest" duration-ms="30489" started-at="2019-09-10T13:23:58Z" depends-on-methods="com.newtours.tests.BookFlightTest.registrationPageTest" finished-at="2019-09-10T13:24:28Z">
          <reporter-output>
          </reporter-output>
        </test-method> <!-- registrationConfirmationTest -->
        <test-method status="PASS" signature="flightDetailsPageTest()[pri:0, instance:com.newtours.tests.BookFlightTest@2752f6e2]" name="flightDetailsPageTest" duration-ms="1732" started-at="2019-09-10T13:24:28Z" depends-on-methods="com.newtours.tests.BookFlightTest.registrationConfirmationTest" finished-at="2019-09-10T13:24:30Z">
          <reporter-output>
          </reporter-output>
        </test-method> <!-- flightDetailsPageTest -->
        <test-method status="PASS" signature="findFlightPageTest()[pri:0, instance:com.newtours.tests.BookFlightTest@2752f6e2]" name="findFlightPageTest" duration-ms="2885" started-at="2019-09-10T13:24:30Z" depends-on-methods="com.newtours.tests.BookFlightTest.flightDetailsPageTest" finished-at="2019-09-10T13:24:33Z">
          <reporter-output>
          </reporter-output>
        </test-method> <!-- findFlightPageTest -->
        <test-method status="PASS" signature="printConfirmationTest()[pri:0, instance:com.newtours.tests.BookFlightTest@2752f6e2]" name="printConfirmationTest" duration-ms="1508" started-at="2019-09-10T13:24:33Z" depends-on-methods="com.newtours.tests.BookFlightTest.findFlightPageTest" finished-at="2019-09-10T13:24:34Z">
          <reporter-output>
          </reporter-output>
        </test-method> <!-- printConfirmationTest -->
        <test-method status="PASS" signature="quitDriver()[pri:0, instance:com.newtours.tests.BookFlightTest@2752f6e2]" name="quitDriver" is-config="true" duration-ms="1988" started-at="2019-09-10T13:24:34Z" finished-at="2019-09-10T13:24:36Z">
          <reporter-output>
          </reporter-output>
        </test-method> <!-- quitDriver -->
      </class> <!-- com.newtours.tests.BookFlightTest -->
    </test> <!-- book-flight-3 -->
  </suite> <!-- book-flight-module -->
</testng-results>
